<?xml version="1.0" encoding="UTF-8"?>
<!-- Generated by org.testng.reporters.JUnitXMLReporter -->
<testsuite hostname="LTIN213619" ignored="0" name="Test" tests="1" failures="1" timestamp="29 Jan 2022 02:32:57 GMT" time="16.791" errors="0">
  <testcase name="start" time="16.697" classname="Modules.HomePage">
    <failure type="java.lang.AssertionError" message="No browser opened null">
      <![CDATA[java.lang.AssertionError: No browser opened null
at common.BaseUI.openBrowser(BaseUI.java:71)
at Modules.HomePage.start(HomePage.java:12)
... Removed 26 stack frames]]>
    </failure>
  </testcase> <!-- start -->
</testsuite> <!-- Test -->
